  StipDetector.cpp
e:\senseemotion\frameeventfusion\external\opencv-3.1.0\build\include\opencv2\core\mat.hpp(1965): warning C4819: 该文件包含不能在当前代码页(936)中表示的字符。请将该文件保存为 Unicode 格式以防止数据丢失
e:\senseemotion\frameeventfusion\external\opencv-3.1.0\build\include\opencv2\core\persistence.hpp : warning C4819: 该文件包含不能在当前代码页(936)中表示的字符。请将该文件保存为 Unicode 格式以防止数据丢失
e:\senseemotion\frameeventfusion\external\opencv-3.1.0\build\include\opencv2\core\utility.hpp : warning C4819: 该文件包含不能在当前代码页(936)中表示的字符。请将该文件保存为 Unicode 格式以防止数据丢失
e:\senseemotion\frameeventfusion\tracking3d\tracking3d\stipdetector.cpp(81): warning C4244: “=”: 从“double”转换到“float”，可能丢失数据
e:\senseemotion\frameeventfusion\tracking3d\tracking3d\stipdetector.cpp(82): warning C4244: “=”: 从“double”转换到“float”，可能丢失数据
e:\senseemotion\frameeventfusion\tracking3d\tracking3d\stipdetector.cpp(160): warning C4244: “=”: 从“double”转换到“float”，可能丢失数据
e:\senseemotion\frameeventfusion\tracking3d\tracking3d\stipdetector.cpp(162): warning C4244: “=”: 从“double”转换到“float”，可能丢失数据
e:\senseemotion\frameeventfusion\tracking3d\tracking3d\stipdetector.cpp(164): warning C4244: “=”: 从“double”转换到“float”，可能丢失数据
e:\senseemotion\frameeventfusion\tracking3d\tracking3d\stipdetector.cpp(166): warning C4244: “=”: 从“double”转换到“float”，可能丢失数据
e:\senseemotion\frameeventfusion\tracking3d\tracking3d\stipdetector.cpp(406): warning C4244: “参数”: 从“double”转换到“float”，可能丢失数据
e:\senseemotion\frameeventfusion\tracking3d\tracking3d\stipdetector.cpp(424): warning C4244: “参数”: 从“int”转换到“float”，可能丢失数据
e:\senseemotion\frameeventfusion\tracking3d\tracking3d\stipdetector.cpp(424): warning C4244: “参数”: 从“double”转换到“float”，可能丢失数据
e:\senseemotion\frameeventfusion\tracking3d\tracking3d\stipdetector.cpp(386): warning C4101: “max_val”: 未引用的局部变量
e:\senseemotion\frameeventfusion\tracking3d\tracking3d\stipdetector.cpp(386): warning C4101: “min_val”: 未引用的局部变量
  StereoVision.cpp
e:\senseemotion\frameeventfusion\tracking3d\tracking3d\stereovision.cpp(1): fatal error C1083: 无法打开包括文件: “opencv2/ximgproc.hpp”: No such file or directory
  MyHistogram.cpp
e:\senseemotion\frameeventfusion\external\opencv-3.1.0\build\include\opencv2\core\mat.hpp(1965): warning C4819: 该文件包含不能在当前代码页(936)中表示的字符。请将该文件保存为 Unicode 格式以防止数据丢失
e:\senseemotion\frameeventfusion\external\opencv-3.1.0\build\include\opencv2\core\persistence.hpp : warning C4819: 该文件包含不能在当前代码页(936)中表示的字符。请将该文件保存为 Unicode 格式以防止数据丢失
e:\senseemotion\frameeventfusion\external\opencv-3.1.0\build\include\opencv2\core\utility.hpp : warning C4819: 该文件包含不能在当前代码页(936)中表示的字符。请将该文件保存为 Unicode 格式以防止数据丢失
e:\senseemotion\frameeventfusion\tracking3d\tracking3d\myhistogram.cpp(148): warning C4244: “初始化”: 从“double”转换到“int”，可能丢失数据
e:\senseemotion\frameeventfusion\tracking3d\tracking3d\myhistogram.cpp(281): warning C4244: “初始化”: 从“double”转换到“int”，可能丢失数据
  main.cpp
e:\senseemotion\frameeventfusion\external\opencv-3.1.0\build\include\opencv2\core\mat.hpp(1965): warning C4819: 该文件包含不能在当前代码页(936)中表示的字符。请将该文件保存为 Unicode 格式以防止数据丢失
e:\senseemotion\frameeventfusion\external\opencv-3.1.0\build\include\opencv2\core\persistence.hpp : warning C4819: 该文件包含不能在当前代码页(936)中表示的字符。请将该文件保存为 Unicode 格式以防止数据丢失
e:\senseemotion\frameeventfusion\external\opencv-3.1.0\build\include\opencv2\core\utility.hpp : warning C4819: 该文件包含不能在当前代码页(936)中表示的字符。请将该文件保存为 Unicode 格式以防止数据丢失
  LocalBinaryPattern.cpp
e:\senseemotion\frameeventfusion\external\opencv-3.1.0\build\include\opencv2\core\mat.hpp(1965): warning C4819: 该文件包含不能在当前代码页(936)中表示的字符。请将该文件保存为 Unicode 格式以防止数据丢失
e:\senseemotion\frameeventfusion\external\opencv-3.1.0\build\include\opencv2\core\persistence.hpp : warning C4819: 该文件包含不能在当前代码页(936)中表示的字符。请将该文件保存为 Unicode 格式以防止数据丢失
e:\senseemotion\frameeventfusion\external\opencv-3.1.0\build\include\opencv2\core\utility.hpp : warning C4819: 该文件包含不能在当前代码页(936)中表示的字符。请将该文件保存为 Unicode 格式以防止数据丢失
e:\senseemotion\frameeventfusion\tracking3d\tracking3d\localbinarypattern.cpp(101): error C2065: “M_PI”: 未声明的标识符
e:\senseemotion\frameeventfusion\tracking3d\tracking3d\localbinarypattern.cpp(102): error C2065: “M_PI”: 未声明的标识符
  FrameStream.cpp
e:\senseemotion\frameeventfusion\external\opencv-3.1.0\build\include\opencv2\core\mat.hpp(1965): warning C4819: 该文件包含不能在当前代码页(936)中表示的字符。请将该文件保存为 Unicode 格式以防止数据丢失
e:\senseemotion\frameeventfusion\external\opencv-3.1.0\build\include\opencv2\core\persistence.hpp : warning C4819: 该文件包含不能在当前代码页(936)中表示的字符。请将该文件保存为 Unicode 格式以防止数据丢失
e:\senseemotion\frameeventfusion\external\opencv-3.1.0\build\include\opencv2\core\utility.hpp : warning C4819: 该文件包含不能在当前代码页(936)中表示的字符。请将该文件保存为 Unicode 格式以防止数据丢失
e:\senseemotion\frameeventfusion\tracking3d\tracking3d\framestream.cpp(52): warning C4267: “初始化”: 从“size_t”转换到“int”，可能丢失数据
  FrameEventFuser.cpp
e:\senseemotion\frameeventfusion\external\opencv-3.1.0\build\include\opencv2\core\mat.hpp(1965): warning C4819: 该文件包含不能在当前代码页(936)中表示的字符。请将该文件保存为 Unicode 格式以防止数据丢失
e:\senseemotion\frameeventfusion\external\opencv-3.1.0\build\include\opencv2\core\persistence.hpp : warning C4819: 该文件包含不能在当前代码页(936)中表示的字符。请将该文件保存为 Unicode 格式以防止数据丢失
e:\senseemotion\frameeventfusion\external\opencv-3.1.0\build\include\opencv2\core\utility.hpp : warning C4819: 该文件包含不能在当前代码页(936)中表示的字符。请将该文件保存为 Unicode 格式以防止数据丢失
e:\senseemotion\frameeventfusion\tracking3d\tracking3d\frameeventfuser.cpp(110): warning C4267: “初始化”: 从“size_t”转换到“int”，可能丢失数据
e:\senseemotion\frameeventfusion\tracking3d\tracking3d\frameeventfuser.cpp(111): warning C4244: “初始化”: 从“double”转换到“int”，可能丢失数据
e:\senseemotion\frameeventfusion\tracking3d\tracking3d\frameeventfuser.cpp(112): warning C4244: “初始化”: 从“__int64”转换到“int”，可能丢失数据
e:\senseemotion\frameeventfusion\tracking3d\tracking3d\frameeventfuser.cpp(183): warning C4244: “初始化”: 从“double”转换到“int”，可能丢失数据
  EventStream.cpp
e:\senseemotion\frameeventfusion\external\opencv-3.1.0\build\include\opencv2\core\mat.hpp(1965): warning C4819: 该文件包含不能在当前代码页(936)中表示的字符。请将该文件保存为 Unicode 格式以防止数据丢失
e:\senseemotion\frameeventfusion\external\opencv-3.1.0\build\include\opencv2\core\persistence.hpp : warning C4819: 该文件包含不能在当前代码页(936)中表示的字符。请将该文件保存为 Unicode 格式以防止数据丢失
e:\senseemotion\frameeventfusion\external\opencv-3.1.0\build\include\opencv2\core\utility.hpp : warning C4819: 该文件包含不能在当前代码页(936)中表示的字符。请将该文件保存为 Unicode 格式以防止数据丢失
e:\senseemotion\frameeventfusion\tracking3d\tracking3d\eventstream.cpp(40): warning C4305: “参数”: 从“int”到“char”截断
e:\senseemotion\frameeventfusion\tracking3d\tracking3d\eventstream.cpp(40): warning C4309: “参数”: 截断常量值
e:\senseemotion\frameeventfusion\tracking3d\tracking3d\eventstream.cpp(45): warning C4244: “=”: 从“std::streamoff”转换到“long”，可能丢失数据
e:\senseemotion\frameeventfusion\tracking3d\tracking3d\eventstream.cpp(56): error C2666: “std::fpos<_Mbstatet>::operator -”: 3 个重载有相似的转换
  c:\program files (x86)\microsoft visual studio 14.0\vc\include\iosfwd(94): note: 可能是“std::fpos<_Mbstatet> std::fpos<_Mbstatet>::operator -(std::streamoff) const”
  c:\program files (x86)\microsoft visual studio 14.0\vc\include\iosfwd(71): note: 或  “std::streamoff std::fpos<_Mbstatet>::operator -(const std::fpos<_Mbstatet> &) const”
  e:\senseemotion\frameeventfusion\external\opencv-3.1.0\build\include\opencv2\core\persistence.hpp(1152): note: 或  “ptrdiff_t cv::operator -(const cv::FileNodeIterator &,const cv::FileNodeIterator &)”
  e:\senseemotion\frameeventfusion\external\opencv-3.1.0\build\include\opencv2\core\mat.inl.hpp(2492): note: 或  “cv::MatConstIterator cv::operator -(const cv::MatConstIterator &,ptrdiff_t)”
  e:\senseemotion\frameeventfusion\external\opencv-3.1.0\build\include\opencv2\core\mat.inl.hpp(2467): note: 或  “ptrdiff_t cv::operator -(const cv::MatConstIterator &,const cv::MatConstIterator &)”
  e:\senseemotion\frameeventfusion\external\opencv-3.1.0\build\include\opencv2\core\mat.hpp(3338): note: 或  “cv::MatExpr cv::operator -(const cv::MatExpr &,const cv::MatExpr &)”
  e:\senseemotion\frameeventfusion\external\opencv-3.1.0\build\include\opencv2\core\mat.hpp(3337): note: 或  “cv::MatExpr cv::operator -(const cv::Scalar &,const cv::MatExpr &)”
  e:\senseemotion\frameeventfusion\external\opencv-3.1.0\build\include\opencv2\core\mat.hpp(3336): note: 或  “cv::MatExpr cv::operator -(const cv::MatExpr &,const cv::Scalar &)”
  e:\senseemotion\frameeventfusion\external\opencv-3.1.0\build\include\opencv2\core\mat.hpp(3335): note: 或  “cv::MatExpr cv::operator -(const cv::Mat &,const cv::MatExpr &)”
  e:\senseemotion\frameeventfusion\external\opencv-3.1.0\build\include\opencv2\core\mat.hpp(3334): note: 或  “cv::MatExpr cv::operator -(const cv::MatExpr &,const cv::Mat &)”
  e:\senseemotion\frameeventfusion\external\opencv-3.1.0\build\include\opencv2\core\mat.hpp(3333): note: 或  “cv::MatExpr cv::operator -(const cv::Scalar &,const cv::Mat &)”
  e:\senseemotion\frameeventfusion\external\opencv-3.1.0\build\include\opencv2\core\mat.hpp(3332): note: 或  “cv::MatExpr cv::operator -(const cv::Mat &,const cv::Scalar &)”
  e:\senseemotion\frameeventfusion\external\opencv-3.1.0\build\include\opencv2\core\mat.hpp(3331): note: 或  “cv::MatExpr cv::operator -(const cv::Mat &,const cv::Mat &)”
  e:\senseemotion\frameeventfusion\external\opencv-3.1.0\build\include\opencv2\core\types.hpp(1924): note: 或  “cv::Range cv::operator -(const cv::Range &,int)”
  e:\senseemotion\frameeventfusion\tracking3d\tracking3d\eventstream.cpp(56): note: 尝试匹配参数列表“(std::fpos<_Mbstatet>, long)”时
e:\senseemotion\frameeventfusion\tracking3d\tracking3d\eventstream.cpp(113): warning C4267: “初始化”: 从“size_t”转换到“int”，可能丢失数据
e:\senseemotion\frameeventfusion\tracking3d\tracking3d\eventstream.cpp(114): warning C4244: “初始化”: 从“double”转换到“int”，可能丢失数据
e:\senseemotion\frameeventfusion\tracking3d\tracking3d\eventstream.cpp(138): warning C4267: “初始化”: 从“size_t”转换到“int”，可能丢失数据
e:\senseemotion\frameeventfusion\tracking3d\tracking3d\eventstream.cpp(153): warning C4244: “初始化”: 从“double”转换到“int”，可能丢失数据
  正在生成代码...
