e:\senseemotion\frameeventfusion\tracking3d_vc2015\tracking3d\x64\release\tracking3d_vs2015.pch
e:\senseemotion\frameeventfusion\tracking3d_vc2015\tracking3d\x64\release\vc140.pdb
e:\senseemotion\frameeventfusion\tracking3d_vc2015\tracking3d\x64\release\stdafx.obj
e:\senseemotion\frameeventfusion\tracking3d_vc2015\tracking3d\x64\release\stipdetector.obj
e:\senseemotion\frameeventfusion\tracking3d_vc2015\tracking3d\x64\release\stereovision.obj
e:\senseemotion\frameeventfusion\tracking3d_vc2015\tracking3d\x64\release\myhistogram.obj
e:\senseemotion\frameeventfusion\tracking3d_vc2015\tracking3d\x64\release\main.obj
e:\senseemotion\frameeventfusion\tracking3d_vc2015\tracking3d\x64\release\localbinarypattern.obj
e:\senseemotion\frameeventfusion\tracking3d_vc2015\tracking3d\x64\release\framestream.obj
e:\senseemotion\frameeventfusion\tracking3d_vc2015\tracking3d\x64\release\frameeventfuser.obj
e:\senseemotion\frameeventfusion\tracking3d_vc2015\tracking3d\x64\release\eventstream.obj
e:\senseemotion\frameeventfusion\tracking3d_vc2015\x64\release\tracking3d_vs2015.exe
e:\senseemotion\frameeventfusion\tracking3d_vc2015\x64\release\tracking3d_vs2015.ipdb
e:\senseemotion\frameeventfusion\tracking3d_vc2015\x64\release\tracking3d_vs2015.iobj
e:\senseemotion\frameeventfusion\tracking3d_vc2015\x64\release\tracking3d_vs2015.pdb
e:\senseemotion\frameeventfusion\tracking3d_vc2015\tracking3d\x64\release\tracking3d.res
e:\senseemotion\frameeventfusion\tracking3d_vc2015\tracking3d\x64\release\tracking.2f5e4e01.tlog\cl.command.1.tlog
e:\senseemotion\frameeventfusion\tracking3d_vc2015\tracking3d\x64\release\tracking.2f5e4e01.tlog\cl.read.1.tlog
e:\senseemotion\frameeventfusion\tracking3d_vc2015\tracking3d\x64\release\tracking.2f5e4e01.tlog\cl.write.1.tlog
e:\senseemotion\frameeventfusion\tracking3d_vc2015\tracking3d\x64\release\tracking.2f5e4e01.tlog\link.command.1.tlog
e:\senseemotion\frameeventfusion\tracking3d_vc2015\tracking3d\x64\release\tracking.2f5e4e01.tlog\link.read.1.tlog
e:\senseemotion\frameeventfusion\tracking3d_vc2015\tracking3d\x64\release\tracking.2f5e4e01.tlog\link.write.1.tlog
e:\senseemotion\frameeventfusion\tracking3d_vc2015\tracking3d\x64\release\tracking.2f5e4e01.tlog\rc.command.1.tlog
e:\senseemotion\frameeventfusion\tracking3d_vc2015\tracking3d\x64\release\tracking.2f5e4e01.tlog\rc.read.1.tlog
e:\senseemotion\frameeventfusion\tracking3d_vc2015\tracking3d\x64\release\tracking.2f5e4e01.tlog\rc.write.1.tlog
